Сборка начата 16.02.2023 1:38:27.
Уровень детализации журнала: Normal.     1>Проект "C:\Users\user\Desktop\OAIP 2 sem\lab3oaip\lab3oaip\lab3oaip.vcxproj" в узле 2 (целевые объекты Build).
     1>InitializeBuildStatus:
         Создание "Debug\lab3oaip.tlog\unsuccessfulbuild", так как было задано "AlwaysCreate".
       ClCompile:
         C:\Program Files (x86)\Microsoft Visual Studio\2019\Community\VC\Tools\MSVC\14.29.30133\bin\HostX86\x86\CL.exe /c /ZI /JMC /nologo /W3 /WX- /diagnostics:column /sdl /Od /Oy- /D WIN32 /D _DEBUG /D _CONSOLE /D _UNICODE /D UNICODE /Gm- /EHsc /RTC1 /MDd /GS /fp:precise /permissive- /Zc:wchar_t /Zc:forScope /Zc:inline /Fo"Debug\\" /Fd"Debug\vc142.pdb" /external:W3 /Gd /TP /analyze- /FC /errorReport:prompt var2_1.cpp
         var2_1.cpp
     1>C:\Users\user\Desktop\OAIP 2 sem\lab3oaip\lab3oaip\var2_1.cpp(25,22): warning C4018: <: несоответствие типов со знаком и без знака
     1>C:\Users\user\Desktop\OAIP 2 sem\lab3oaip\lab3oaip\var2_1.cpp(15,6): warning C4101: k: неиспользованная локальная переменная
       Link:
         C:\Program Files (x86)\Microsoft Visual Studio\2019\Community\VC\Tools\MSVC\14.29.30133\bin\HostX86\x86\link.exe /ERRORREPORT:PROMPT /OUT:"C:\Users\user\Desktop\OAIP 2 sem\lab3oaip\Debug\lab3oaip.exe" /INCREMENTAL /ILK:"Debug\lab3oaip.ilk" /NOLOGO kernel32.lib user32.lib gdi32.lib winspool.lib comdlg32.lib advapi32.lib shell32.lib ole32.lib oleaut32.lib uuid.lib odbc32.lib odbccp32.lib /MANIFEST /MANIFESTUAC:"level='asInvoker' uiAccess='false'" /manifest:embed /DEBUG /PDB:"C:\Users\user\Desktop\OAIP 2 sem\lab3oaip\Debug\lab3oaip.pdb" /SUBSYSTEM:CONSOLE /TLBID:1 /DYNAMICBASE /NXCOMPAT /IMPLIB:"C:\Users\user\Desktop\OAIP 2 sem\lab3oaip\Debug\lab3oaip.lib" /MACHINE:X86 Debug\var2_1.obj
         lab3oaip.vcxproj -> C:\Users\user\Desktop\OAIP 2 sem\lab3oaip\Debug\lab3oaip.exe
       FinalizeBuildStatus:
         Файл "Debug\lab3oaip.tlog\unsuccessfulbuild" удаляется.
         Обращение к "Debug\lab3oaip.tlog\lab3oaip.lastbuildstate".
     1>Сборка проекта "C:\Users\user\Desktop\OAIP 2 sem\lab3oaip\lab3oaip\lab3oaip.vcxproj" завершена (целевые объекты Build).

Сборка успешно завершена.

       "C:\Users\user\Desktop\OAIP 2 sem\lab3oaip\lab3oaip\lab3oaip.vcxproj" (целевой объект Build ) (1) ->
       (Целевой объект ClCompile) -> 
         C:\Users\user\Desktop\OAIP 2 sem\lab3oaip\lab3oaip\var2_1.cpp(25,22): warning C4018: <: несоответствие типов со знаком и без знака
         C:\Users\user\Desktop\OAIP 2 sem\lab3oaip\lab3oaip\var2_1.cpp(15,6): warning C4101: k: неиспользованная локальная переменная

    Предупреждений: 2
    Ошибок: 0

Прошло времени 00:00:01.48
