Сборка начата 04.05.2023 1:30:51.
Уровень детализации журнала: Normal.     1>Проект "D:\2_СЕМ_ЛАБЫ\OAIP 2 sem\lab11oaip\var13\var13.vcxproj" в узле 2 (целевые объекты Build).
     1>InitializeBuildStatus:
         Обращение к "Debug\var13.tlog\unsuccessfulbuild".
       ClCompile:
         C:\Program Files (x86)\Microsoft Visual Studio\2019\Community\VC\Tools\MSVC\14.29.30133\bin\HostX86\x86\CL.exe /c /ZI /JMC /nologo /W3 /WX- /diagnostics:column /sdl /Od /Oy- /D WIN32 /D _DEBUG /D _CONSOLE /D _UNICODE /D UNICODE /Gm- /EHsc /RTC1 /MDd /GS /fp:precise /permissive- /Zc:wchar_t /Zc:forScope /Zc:inline /Fo"Debug\\" /Fd"Debug\vc142.pdb" /external:W3 /Gd /TP /analyze- /FC /errorReport:prompt var13.cpp
         var13.cpp
     1>D:\2_СЕМ_ЛАБЫ\OAIP 2 sem\lab11oaip\var13\var13.cpp(33,1): warning C4326: возвращаемый тип "main" должен быть "int", а не "void"
     1>D:\2_СЕМ_ЛАБЫ\OAIP 2 sem\lab11oaip\var13\var13.cpp(36,19): warning C4101: n: неиспользованная локальная переменная
       Link:
         C:\Program Files (x86)\Microsoft Visual Studio\2019\Community\VC\Tools\MSVC\14.29.30133\bin\HostX86\x86\link.exe /ERRORREPORT:PROMPT /OUT:"D:\2_СЕМ_ЛАБЫ\OAIP 2 sem\lab11oaip\Debug\var13.exe" /INCREMENTAL /ILK:"Debug\var13.ilk" /NOLOGO kernel32.lib user32.lib gdi32.lib winspool.lib comdlg32.lib advapi32.lib shell32.lib ole32.lib oleaut32.lib uuid.lib odbc32.lib odbccp32.lib /MANIFEST /MANIFESTUAC:"level='asInvoker' uiAccess='false'" /manifest:embed /DEBUG /PDB:"D:\2_СЕМ_ЛАБЫ\OAIP 2 sem\lab11oaip\Debug\var13.pdb" /SUBSYSTEM:CONSOLE /TLBID:1 /DYNAMICBASE /NXCOMPAT /IMPLIB:"D:\2_СЕМ_ЛАБЫ\OAIP 2 sem\lab11oaip\Debug\var13.lib" /MACHINE:X86 Debug\var13.obj
         var13.vcxproj -> D:\2_СЕМ_ЛАБЫ\OAIP 2 sem\lab11oaip\Debug\var13.exe
       FinalizeBuildStatus:
         Файл "Debug\var13.tlog\unsuccessfulbuild" удаляется.
         Обращение к "Debug\var13.tlog\var13.lastbuildstate".
     1>Сборка проекта "D:\2_СЕМ_ЛАБЫ\OAIP 2 sem\lab11oaip\var13\var13.vcxproj" завершена (целевые объекты Build).

Сборка успешно завершена.

       "D:\2_СЕМ_ЛАБЫ\OAIP 2 sem\lab11oaip\var13\var13.vcxproj" (целевой объект Build ) (1) ->
       (Целевой объект ClCompile) -> 
         D:\2_СЕМ_ЛАБЫ\OAIP 2 sem\lab11oaip\var13\var13.cpp(33,1): warning C4326: возвращаемый тип "main" должен быть "int", а не "void"
         D:\2_СЕМ_ЛАБЫ\OAIP 2 sem\lab11oaip\var13\var13.cpp(36,19): warning C4101: n: неиспользованная локальная переменная

    Предупреждений: 2
    Ошибок: 0

Прошло времени 00:00:00.96
