Сборка начата 11.05.2023 14:38:08.
Уровень детализации журнала: Normal.     1>Проект "D:\2_СЕМ_ЛАБЫ\OAIP 2 sem\laba12oaip\dop1\dop1.vcxproj" в узле 2 (целевые объекты Build).
     1>PrepareForBuild:
         Создание каталога "Debug\dop1.tlog\".
       InitializeBuildStatus:
         Создание "Debug\dop1.tlog\unsuccessfulbuild", так как было задано "AlwaysCreate".
       ClCompile:
         C:\Program Files (x86)\Microsoft Visual Studio\2019\Community\VC\Tools\MSVC\14.29.30133\bin\HostX86\x86\CL.exe /c /ZI /JMC /nologo /W3 /WX- /diagnostics:column /sdl /Od /Oy- /D WIN32 /D _DEBUG /D _CONSOLE /D _UNICODE /D UNICODE /Gm- /EHsc /RTC1 /MDd /GS /fp:precise /permissive- /Zc:wchar_t /Zc:forScope /Zc:inline /Fo"Debug\\" /Fd"Debug\vc142.pdb" /external:W3 /Gd /TP /analyze- /FC /errorReport:prompt dop1.cpp
         dop1.cpp
     1>D:\2_СЕМ_ЛАБЫ\OAIP 2 sem\laba12oaip\dop1\dop1.cpp(26,1): warning C4326: возвращаемый тип "main" должен быть "int", а не "void"
     1>D:\2_СЕМ_ЛАБЫ\OAIP 2 sem\laba12oaip\dop1\dop1.cpp(29,24): warning C4101: letter: неиспользованная локальная переменная
     1>D:\2_СЕМ_ЛАБЫ\OAIP 2 sem\laba12oaip\dop1\dop1.cpp(28,32): warning C4101: n: неиспользованная локальная переменная
     1>D:\2_СЕМ_ЛАБЫ\OAIP 2 sem\laba12oaip\dop1\dop1.cpp(82,9): warning C4244: аргумент: преобразование "double" в "int", возможна потеря данных
     1>D:\2_СЕМ_ЛАБЫ\OAIP 2 sem\laba12oaip\dop1\dop1.cpp(83,23): warning C4244: аргумент: преобразование "double" в "int", возможна потеря данных
     1>D:\2_СЕМ_ЛАБЫ\OAIP 2 sem\laba12oaip\dop1\dop1.cpp(92,9): warning C4244: аргумент: преобразование "double" в "int", возможна потеря данных
     1>D:\2_СЕМ_ЛАБЫ\OAIP 2 sem\laba12oaip\dop1\dop1.cpp(93,28): warning C4244: аргумент: преобразование "double" в "int", возможна потеря данных
       Link:
         C:\Program Files (x86)\Microsoft Visual Studio\2019\Community\VC\Tools\MSVC\14.29.30133\bin\HostX86\x86\link.exe /ERRORREPORT:PROMPT /OUT:"D:\2_СЕМ_ЛАБЫ\OAIP 2 sem\laba12oaip\Debug\dop1.exe" /INCREMENTAL /ILK:"Debug\dop1.ilk" /NOLOGO kernel32.lib user32.lib gdi32.lib winspool.lib comdlg32.lib advapi32.lib shell32.lib ole32.lib oleaut32.lib uuid.lib odbc32.lib odbccp32.lib /MANIFEST /MANIFESTUAC:"level='asInvoker' uiAccess='false'" /manifest:embed /DEBUG /PDB:"D:\2_СЕМ_ЛАБЫ\OAIP 2 sem\laba12oaip\Debug\dop1.pdb" /SUBSYSTEM:CONSOLE /TLBID:1 /DYNAMICBASE /NXCOMPAT /IMPLIB:"D:\2_СЕМ_ЛАБЫ\OAIP 2 sem\laba12oaip\Debug\dop1.lib" /MACHINE:X86 Debug\dop1.obj
         dop1.vcxproj -> D:\2_СЕМ_ЛАБЫ\OAIP 2 sem\laba12oaip\Debug\dop1.exe
       FinalizeBuildStatus:
         Файл "Debug\dop1.tlog\unsuccessfulbuild" удаляется.
         Обращение к "Debug\dop1.tlog\dop1.lastbuildstate".
     1>Сборка проекта "D:\2_СЕМ_ЛАБЫ\OAIP 2 sem\laba12oaip\dop1\dop1.vcxproj" завершена (целевые объекты Build).

Сборка успешно завершена.

       "D:\2_СЕМ_ЛАБЫ\OAIP 2 sem\laba12oaip\dop1\dop1.vcxproj" (целевой объект Build ) (1) ->
       (Целевой объект ClCompile) -> 
         D:\2_СЕМ_ЛАБЫ\OAIP 2 sem\laba12oaip\dop1\dop1.cpp(26,1): warning C4326: возвращаемый тип "main" должен быть "int", а не "void"
         D:\2_СЕМ_ЛАБЫ\OAIP 2 sem\laba12oaip\dop1\dop1.cpp(29,24): warning C4101: letter: неиспользованная локальная переменная
         D:\2_СЕМ_ЛАБЫ\OAIP 2 sem\laba12oaip\dop1\dop1.cpp(28,32): warning C4101: n: неиспользованная локальная переменная
         D:\2_СЕМ_ЛАБЫ\OAIP 2 sem\laba12oaip\dop1\dop1.cpp(82,9): warning C4244: аргумент: преобразование "double" в "int", возможна потеря данных
         D:\2_СЕМ_ЛАБЫ\OAIP 2 sem\laba12oaip\dop1\dop1.cpp(83,23): warning C4244: аргумент: преобразование "double" в "int", возможна потеря данных
         D:\2_СЕМ_ЛАБЫ\OAIP 2 sem\laba12oaip\dop1\dop1.cpp(92,9): warning C4244: аргумент: преобразование "double" в "int", возможна потеря данных
         D:\2_СЕМ_ЛАБЫ\OAIP 2 sem\laba12oaip\dop1\dop1.cpp(93,28): warning C4244: аргумент: преобразование "double" в "int", возможна потеря данных

    Предупреждений: 7
    Ошибок: 0

Прошло времени 00:00:00.55
