Сборка начата 16.03.2023 15:53:13.
Уровень детализации журнала: Normal.     1>Проект "D:\OAIP 2 sem\lab4oaip\dop2\dop2.vcxproj" в узле 2 (целевые объекты Build).
     1>InitializeBuildStatus:
         Создание "Debug\dop2.tlog\unsuccessfulbuild", так как было задано "AlwaysCreate".
       ClCompile:
         C:\Program Files (x86)\Microsoft Visual Studio\2019\Community\VC\Tools\MSVC\14.29.30133\bin\HostX86\x86\CL.exe /c /ZI /JMC /nologo /W3 /WX- /diagnostics:column /sdl /Od /Oy- /D WIN32 /D _DEBUG /D _CONSOLE /D _UNICODE /D UNICODE /Gm- /EHsc /RTC1 /MDd /GS /fp:precise /permissive- /Zc:wchar_t /Zc:forScope /Zc:inline /Fo"Debug\\" /Fd"Debug\vc142.pdb" /external:W3 /Gd /TP /analyze- /FC /errorReport:prompt dop2.cpp
         dop2.cpp
     1>D:\OAIP 2 sem\lab4oaip\dop2\dop2.cpp(69,21): warning C4018: <: несоответствие типов со знаком и без знака
     1>D:\OAIP 2 sem\lab4oaip\dop2\dop2.cpp(91,21): warning C4018: <: несоответствие типов со знаком и без знака
       Link:
         C:\Program Files (x86)\Microsoft Visual Studio\2019\Community\VC\Tools\MSVC\14.29.30133\bin\HostX86\x86\link.exe /ERRORREPORT:PROMPT /OUT:"D:\OAIP 2 sem\lab4oaip\Debug\dop2.exe" /INCREMENTAL /ILK:"Debug\dop2.ilk" /NOLOGO kernel32.lib user32.lib gdi32.lib winspool.lib comdlg32.lib advapi32.lib shell32.lib ole32.lib oleaut32.lib uuid.lib odbc32.lib odbccp32.lib /MANIFEST /MANIFESTUAC:"level='asInvoker' uiAccess='false'" /manifest:embed /DEBUG /PDB:"D:\OAIP 2 sem\lab4oaip\Debug\dop2.pdb" /SUBSYSTEM:CONSOLE /TLBID:1 /DYNAMICBASE /NXCOMPAT /IMPLIB:"D:\OAIP 2 sem\lab4oaip\Debug\dop2.lib" /MACHINE:X86 Debug\dop2.obj
         dop2.vcxproj -> D:\OAIP 2 sem\lab4oaip\Debug\dop2.exe
       FinalizeBuildStatus:
         Файл "Debug\dop2.tlog\unsuccessfulbuild" удаляется.
         Обращение к "Debug\dop2.tlog\dop2.lastbuildstate".
     1>Сборка проекта "D:\OAIP 2 sem\lab4oaip\dop2\dop2.vcxproj" завершена (целевые объекты Build).

Сборка успешно завершена.

       "D:\OAIP 2 sem\lab4oaip\dop2\dop2.vcxproj" (целевой объект Build ) (1) ->
       (Целевой объект ClCompile) -> 
         D:\OAIP 2 sem\lab4oaip\dop2\dop2.cpp(69,21): warning C4018: <: несоответствие типов со знаком и без знака
         D:\OAIP 2 sem\lab4oaip\dop2\dop2.cpp(91,21): warning C4018: <: несоответствие типов со знаком и без знака

    Предупреждений: 2
    Ошибок: 0

Прошло времени 00:00:01.84
