Сборка начата 16.03.2023 15:54:16.
Уровень детализации журнала: Normal.     1>Проект "D:\OAIP 2 sem\lab4oaip\dop3\dop3.vcxproj" в узле 2 (целевые объекты Build).
     1>InitializeBuildStatus:
         Создание "Debug\dop3.tlog\unsuccessfulbuild", так как было задано "AlwaysCreate".
       ClCompile:
         C:\Program Files (x86)\Microsoft Visual Studio\2019\Community\VC\Tools\MSVC\14.29.30133\bin\HostX86\x86\CL.exe /c /ZI /JMC /nologo /W3 /WX- /diagnostics:column /sdl /Od /Oy- /D WIN32 /D _DEBUG /D _CONSOLE /D _UNICODE /D UNICODE /Gm- /EHsc /RTC1 /MDd /GS /fp:precise /permissive- /Zc:wchar_t /Zc:forScope /Zc:inline /Fo"Debug\\" /Fd"Debug\vc142.pdb" /external:W3 /Gd /TP /analyze- /FC /errorReport:prompt dop3.cpp
         dop3.cpp
     1>D:\OAIP 2 sem\lab4oaip\dop3\dop3.cpp(67,21): warning C4018: <: несоответствие типов со знаком и без знака
     1>D:\OAIP 2 sem\lab4oaip\dop3\dop3.cpp(93,21): warning C4018: <: несоответствие типов со знаком и без знака
     1>D:\OAIP 2 sem\lab4oaip\dop3\dop3.cpp(135,21): warning C4018: <: несоответствие типов со знаком и без знака
     1>D:\OAIP 2 sem\lab4oaip\dop3\dop3.cpp(207,21): warning C4018: <: несоответствие типов со знаком и без знака
       Link:
         C:\Program Files (x86)\Microsoft Visual Studio\2019\Community\VC\Tools\MSVC\14.29.30133\bin\HostX86\x86\link.exe /ERRORREPORT:PROMPT /OUT:"D:\OAIP 2 sem\lab4oaip\Debug\dop3.exe" /INCREMENTAL /ILK:"Debug\dop3.ilk" /NOLOGO kernel32.lib user32.lib gdi32.lib winspool.lib comdlg32.lib advapi32.lib shell32.lib ole32.lib oleaut32.lib uuid.lib odbc32.lib odbccp32.lib /MANIFEST /MANIFESTUAC:"level='asInvoker' uiAccess='false'" /manifest:embed /DEBUG /PDB:"D:\OAIP 2 sem\lab4oaip\Debug\dop3.pdb" /SUBSYSTEM:CONSOLE /TLBID:1 /DYNAMICBASE /NXCOMPAT /IMPLIB:"D:\OAIP 2 sem\lab4oaip\Debug\dop3.lib" /MACHINE:X86 Debug\dop3.obj
         dop3.vcxproj -> D:\OAIP 2 sem\lab4oaip\Debug\dop3.exe
       FinalizeBuildStatus:
         Файл "Debug\dop3.tlog\unsuccessfulbuild" удаляется.
         Обращение к "Debug\dop3.tlog\dop3.lastbuildstate".
     1>Сборка проекта "D:\OAIP 2 sem\lab4oaip\dop3\dop3.vcxproj" завершена (целевые объекты Build).

Сборка успешно завершена.

       "D:\OAIP 2 sem\lab4oaip\dop3\dop3.vcxproj" (целевой объект Build ) (1) ->
       (Целевой объект ClCompile) -> 
         D:\OAIP 2 sem\lab4oaip\dop3\dop3.cpp(67,21): warning C4018: <: несоответствие типов со знаком и без знака
         D:\OAIP 2 sem\lab4oaip\dop3\dop3.cpp(93,21): warning C4018: <: несоответствие типов со знаком и без знака
         D:\OAIP 2 sem\lab4oaip\dop3\dop3.cpp(135,21): warning C4018: <: несоответствие типов со знаком и без знака
         D:\OAIP 2 sem\lab4oaip\dop3\dop3.cpp(207,21): warning C4018: <: несоответствие типов со знаком и без знака

    Предупреждений: 4
    Ошибок: 0

Прошло времени 00:00:01.57
