Сборка начата 16.02.2023 0:58:36.
Уровень детализации журнала: Normal.     1>Проект "C:\Users\user\Desktop\OAIP 2 sem\lab2oaip\var6_2\var6_2.vcxproj" в узле 2 (целевые объекты Build).
     1>InitializeBuildStatus:
         Обращение к "Debug\var6_2.tlog\unsuccessfulbuild".
       ClCompile:
         C:\Program Files (x86)\Microsoft Visual Studio\2019\Community\VC\Tools\MSVC\14.29.30133\bin\HostX86\x86\CL.exe /c /ZI /JMC /nologo /W3 /WX- /diagnostics:column /sdl /Od /Oy- /D WIN32 /D _DEBUG /D _CONSOLE /D _UNICODE /D UNICODE /Gm- /EHsc /RTC1 /MDd /GS /fp:precise /permissive- /Zc:wchar_t /Zc:forScope /Zc:inline /Fo"Debug\\" /Fd"Debug\vc142.pdb" /external:W3 /Gd /TP /analyze- /FC /errorReport:prompt var6_2.cpp
         var6_2.cpp
     1>C:\Users\user\Desktop\OAIP 2 sem\lab2oaip\var6_2\var6_2.cpp(10,6): warning C4101: k: неиспользованная локальная переменная
     1>C:\Users\user\Desktop\OAIP 2 sem\lab2oaip\var6_2\var6_2.cpp(12,27): warning C4101: err3: неиспользованная локальная переменная
       Link:
         C:\Program Files (x86)\Microsoft Visual Studio\2019\Community\VC\Tools\MSVC\14.29.30133\bin\HostX86\x86\link.exe /ERRORREPORT:PROMPT /OUT:"C:\Users\user\Desktop\OAIP 2 sem\lab2oaip\Debug\var6_2.exe" /INCREMENTAL /ILK:"Debug\var6_2.ilk" /NOLOGO kernel32.lib user32.lib gdi32.lib winspool.lib comdlg32.lib advapi32.lib shell32.lib ole32.lib oleaut32.lib uuid.lib odbc32.lib odbccp32.lib /MANIFEST /MANIFESTUAC:"level='asInvoker' uiAccess='false'" /manifest:embed /DEBUG /PDB:"C:\Users\user\Desktop\OAIP 2 sem\lab2oaip\Debug\var6_2.pdb" /SUBSYSTEM:CONSOLE /TLBID:1 /DYNAMICBASE /NXCOMPAT /IMPLIB:"C:\Users\user\Desktop\OAIP 2 sem\lab2oaip\Debug\var6_2.lib" /MACHINE:X86 Debug\var6_2.obj
         var6_2.vcxproj -> C:\Users\user\Desktop\OAIP 2 sem\lab2oaip\Debug\var6_2.exe
       FinalizeBuildStatus:
         Файл "Debug\var6_2.tlog\unsuccessfulbuild" удаляется.
         Обращение к "Debug\var6_2.tlog\var6_2.lastbuildstate".
     1>Сборка проекта "C:\Users\user\Desktop\OAIP 2 sem\lab2oaip\var6_2\var6_2.vcxproj" завершена (целевые объекты Build).

Сборка успешно завершена.

       "C:\Users\user\Desktop\OAIP 2 sem\lab2oaip\var6_2\var6_2.vcxproj" (целевой объект Build ) (1) ->
       (Целевой объект ClCompile) -> 
         C:\Users\user\Desktop\OAIP 2 sem\lab2oaip\var6_2\var6_2.cpp(10,6): warning C4101: k: неиспользованная локальная переменная
         C:\Users\user\Desktop\OAIP 2 sem\lab2oaip\var6_2\var6_2.cpp(12,27): warning C4101: err3: неиспользованная локальная переменная

    Предупреждений: 2
    Ошибок: 0

Прошло времени 00:00:00.85
