Сборка начата 25.05.2023 14:37:34.
Уровень детализации журнала: Normal.     1>Проект "D:\2_СЕМ_ЛАБЫ\OAIP 2 sem\lab16oaip\dop\dop.vcxproj" в узле 2 (целевые объекты Build).
     1>InitializeBuildStatus:
         Создание "Debug\dop.tlog\unsuccessfulbuild", так как было задано "AlwaysCreate".
       ClCompile:
         C:\Program Files (x86)\Microsoft Visual Studio\2019\Community\VC\Tools\MSVC\14.29.30133\bin\HostX86\x86\CL.exe /c /ZI /JMC /nologo /W3 /WX- /diagnostics:column /sdl /Od /Oy- /D WIN32 /D _DEBUG /D _CONSOLE /D _UNICODE /D UNICODE /Gm- /EHsc /RTC1 /MDd /GS /fp:precise /permissive- /Zc:wchar_t /Zc:forScope /Zc:inline /Fo"Debug\\" /Fd"Debug\vc142.pdb" /external:W3 /Gd /TP /analyze- /FC /errorReport:prompt laba16.cpp
         laba16.cpp
     1>D:\2_СЕМ_ЛАБЫ\OAIP 2 sem\lab16oaip\dop\laba16.cpp(217,15): warning C4244: аргумент: преобразование "time_t" в "unsigned int", возможна потеря данных
       Link:
         C:\Program Files (x86)\Microsoft Visual Studio\2019\Community\VC\Tools\MSVC\14.29.30133\bin\HostX86\x86\link.exe /ERRORREPORT:PROMPT /OUT:"D:\2_СЕМ_ЛАБЫ\OAIP 2 sem\lab16oaip\Debug\dop.exe" /INCREMENTAL /ILK:"Debug\dop.ilk" /NOLOGO kernel32.lib user32.lib gdi32.lib winspool.lib comdlg32.lib advapi32.lib shell32.lib ole32.lib oleaut32.lib uuid.lib odbc32.lib odbccp32.lib /MANIFEST /MANIFESTUAC:"level='asInvoker' uiAccess='false'" /manifest:embed /DEBUG /PDB:"D:\2_СЕМ_ЛАБЫ\OAIP 2 sem\lab16oaip\Debug\dop.pdb" /SUBSYSTEM:CONSOLE /TLBID:1 /DYNAMICBASE /NXCOMPAT /IMPLIB:"D:\2_СЕМ_ЛАБЫ\OAIP 2 sem\lab16oaip\Debug\dop.lib" /MACHINE:X86 Debug\Funct.obj
         Debug\laba16.obj
         dop.vcxproj -> D:\2_СЕМ_ЛАБЫ\OAIP 2 sem\lab16oaip\Debug\dop.exe
       FinalizeBuildStatus:
         Файл "Debug\dop.tlog\unsuccessfulbuild" удаляется.
         Обращение к "Debug\dop.tlog\dop.lastbuildstate".
     1>Сборка проекта "D:\2_СЕМ_ЛАБЫ\OAIP 2 sem\lab16oaip\dop\dop.vcxproj" завершена (целевые объекты Build).

Сборка успешно завершена.

       "D:\2_СЕМ_ЛАБЫ\OAIP 2 sem\lab16oaip\dop\dop.vcxproj" (целевой объект Build ) (1) ->
       (Целевой объект ClCompile) -> 
         D:\2_СЕМ_ЛАБЫ\OAIP 2 sem\lab16oaip\dop\laba16.cpp(217,15): warning C4244: аргумент: преобразование "time_t" в "unsigned int", возможна потеря данных

    Предупреждений: 1
    Ошибок: 0

Прошло времени 00:00:00.54
