Сборка начата 16.02.2023 1:46:27.
Уровень детализации журнала: Normal.     1>Проект "C:\Users\user\Desktop\OAIP 2 sem\lab3oaip\var2_2.cpp\var2_2.cpp.vcxproj" в узле 2 (целевые объекты Build).
     1>PrepareForBuild:
         Создание каталога "Debug\var2_2.cpp.tlog\".
       InitializeBuildStatus:
         Создание "Debug\var2_2.cpp.tlog\unsuccessfulbuild", так как было задано "AlwaysCreate".
       ClCompile:
         C:\Program Files (x86)\Microsoft Visual Studio\2019\Community\VC\Tools\MSVC\14.29.30133\bin\HostX86\x86\CL.exe /c /ZI /JMC /nologo /W3 /WX- /diagnostics:column /sdl /Od /Oy- /D WIN32 /D _DEBUG /D _CONSOLE /D _UNICODE /D UNICODE /Gm- /EHsc /RTC1 /MDd /GS /fp:precise /permissive- /Zc:wchar_t /Zc:forScope /Zc:inline /Fo"Debug\\" /Fd"Debug\vc142.pdb" /external:W3 /Gd /TP /analyze- /FC /errorReport:prompt var2_2.cpp
         var2_2.cpp
       Link:
         C:\Program Files (x86)\Microsoft Visual Studio\2019\Community\VC\Tools\MSVC\14.29.30133\bin\HostX86\x86\link.exe /ERRORREPORT:PROMPT /OUT:"C:\Users\user\Desktop\OAIP 2 sem\lab3oaip\Debug\var2_2.cpp.exe" /INCREMENTAL /ILK:"Debug\var2_2.cpp.ilk" /NOLOGO kernel32.lib user32.lib gdi32.lib winspool.lib comdlg32.lib advapi32.lib shell32.lib ole32.lib oleaut32.lib uuid.lib odbc32.lib odbccp32.lib /MANIFEST /MANIFESTUAC:"level='asInvoker' uiAccess='false'" /manifest:embed /DEBUG /PDB:"C:\Users\user\Desktop\OAIP 2 sem\lab3oaip\Debug\var2_2.cpp.pdb" /SUBSYSTEM:CONSOLE /TLBID:1 /DYNAMICBASE /NXCOMPAT /IMPLIB:"C:\Users\user\Desktop\OAIP 2 sem\lab3oaip\Debug\var2_2.cpp.lib" /MACHINE:X86 Debug\var2_2.obj
         var2_2.cpp.vcxproj -> C:\Users\user\Desktop\OAIP 2 sem\lab3oaip\Debug\var2_2.cpp.exe
       FinalizeBuildStatus:
         Файл "Debug\var2_2.cpp.tlog\unsuccessfulbuild" удаляется.
         Обращение к "Debug\var2_2.cpp.tlog\var2_2.cpp.lastbuildstate".
     1>Сборка проекта "C:\Users\user\Desktop\OAIP 2 sem\lab3oaip\var2_2.cpp\var2_2.cpp.vcxproj" завершена (целевые объекты Build).

Сборка успешно завершена.
    Предупреждений: 0
    Ошибок: 0

Прошло времени 00:00:00.88
